2020-02-17: 20 14 13


++++++++++++++++++++++++++++++++++++++++CONFIGURATION SUMMARY++++++++++++++++++++++++++++++++++++++++
 Status:
     mode               : analyze
 ++++++++++++++++++++++++++++++++++++++++
 Datasets:
     datasets       fold: data
     train          file: train.csv
     developing     file: dev.csv
     test           file: test.csv
     vocab           dir: data/vocabs
     delimiter          : b
     checkpoints     dir: checkpoints
     log             dir: results/logs
 ++++++++++++++++++++++++++++++++++++++++
Model Configuration:
     use             crf: True
     use  self attention: True
     cell           type: LSTM
     biderectional      : True
     encoder      layers: 1
     embedding       dim: 200
     max sequence length: 300
     attention       dim: 400
     hidden          dim: 128
     CUDA VISIBLE DEVICE: 0
     seed               : 42
 ++++++++++++++++++++++++++++++++++++++++
 Training Settings:
     epoch              : 300
     batch          size: 64
     dropout            : 0.5
     learning       rate: 0.001
     optimizer          : Adam
     checkpoint     name: model
     max     checkpoints: 3
     print   per   batch: 100
     is   early     stop: True
     patient            : 15
 ++++++++++++++++++++++++++++++++++++++++
 Training Settings:
     output   test  file: test.out
     output sent and ent: True
     output sen&ent file: test.entity.out
 ++++++++++++++++++++++++++++++++++++++++
 Api service Settings:
     ip                 : 0.0.0.0
     port               : 8000
++++++++++++++++++++++++++++++++++++++++CONFIGURATION SUMMARY END++++++++++++++++++++++++++++++++++++++++



mode: analyze
Loading 000001 comments at 2020-02-17.csv...
Saving Result...
Loading 000002 comments at 2020-02-17.csv...
Saving Result...
